{"/home/luan_arruda/card-control/src/database/config/config.cjs": {"path":"/home/luan_arruda/card-control/src/database/config/config.cjs","statementMap":{"0":{"start":{"line":1,"column":0},"end":{"line":1,"column":27}},"1":{"start":{"line":3,"column":0},"end":{"line":18,"column":2}}},"fnMap":{},"branchMap":{},"s":{"0":1,"1":1},"f":{},"b":{},"inputSourceMap":null,"_coverageSchema":"1a1c01bbd47fc00a2c39e90264f33305004495a9","hash":"9045b637d013483f69aa7377094863e777882738"}
,"/home/luan_arruda/card-control/src/database/models/entity.cjs": {"path":"/home/luan_arruda/card-control/src/database/models/entity.cjs","statementMap":{"0":{"start":{"line":4,"column":4},"end":{"line":4,"column":24}},"1":{"start":{"line":5,"column":0},"end":{"line":34,"column":2}},"2":{"start":{"line":10,"column":6},"end":{"line":14,"column":8}},"3":{"start":{"line":16,"column":6},"end":{"line":20,"column":8}},"4":{"start":{"line":24,"column":2},"end":{"line":32,"column":5}},"5":{"start":{"line":33,"column":2},"end":{"line":33,"column":16}}},"fnMap":{"0":{"name":"(anonymous_0)","decl":{"start":{"line":5,"column":17},"end":{"line":5,"column":18}},"loc":{"start":{"line":5,"column":43},"end":{"line":34,"column":1}},"line":5},"1":{"name":"(anonymous_1)","decl":{"start":{"line":8,"column":4},"end":{"line":8,"column":5}},"loc":{"start":{"line":8,"column":29},"end":{"line":22,"column":5}},"line":8}},"branchMap":{},"s":{"0":1,"1":1,"2":1,"3":1,"4":1,"5":1},"f":{"0":1,"1":1},"b":{},"inputSourceMap":null,"_coverageSchema":"1a1c01bbd47fc00a2c39e90264f33305004495a9","hash":"7b194dba82fcadaadd3dd3a4ebb2efe5b0ce86ab"}
,"/home/luan_arruda/card-control/src/database/models/expense.cjs": {"path":"/home/luan_arruda/card-control/src/database/models/expense.cjs","statementMap":{"0":{"start":{"line":4,"column":4},"end":{"line":4,"column":24}},"1":{"start":{"line":5,"column":0},"end":{"line":36,"column":2}},"2":{"start":{"line":10,"column":6},"end":{"line":14,"column":8}},"3":{"start":{"line":16,"column":6},"end":{"line":20,"column":8}},"4":{"start":{"line":24,"column":2},"end":{"line":34,"column":5}},"5":{"start":{"line":35,"column":2},"end":{"line":35,"column":17}}},"fnMap":{"0":{"name":"(anonymous_0)","decl":{"start":{"line":5,"column":17},"end":{"line":5,"column":18}},"loc":{"start":{"line":5,"column":43},"end":{"line":36,"column":1}},"line":5},"1":{"name":"(anonymous_1)","decl":{"start":{"line":8,"column":4},"end":{"line":8,"column":5}},"loc":{"start":{"line":8,"column":29},"end":{"line":22,"column":5}},"line":8}},"branchMap":{},"s":{"0":1,"1":1,"2":1,"3":1,"4":1,"5":1},"f":{"0":1,"1":1},"b":{},"inputSourceMap":null,"_coverageSchema":"1a1c01bbd47fc00a2c39e90264f33305004495a9","hash":"266a1f17943fc3aeed3a3062319b60714f1221c0"}
,"/home/luan_arruda/card-control/src/database/models/expensecategory.cjs": {"path":"/home/luan_arruda/card-control/src/database/models/expensecategory.cjs","statementMap":{"0":{"start":{"line":4,"column":4},"end":{"line":4,"column":24}},"1":{"start":{"line":5,"column":0},"end":{"line":26,"column":2}},"2":{"start":{"line":10,"column":6},"end":{"line":14,"column":8}},"3":{"start":{"line":18,"column":2},"end":{"line":24,"column":5}},"4":{"start":{"line":25,"column":2},"end":{"line":25,"column":25}}},"fnMap":{"0":{"name":"(anonymous_0)","decl":{"start":{"line":5,"column":17},"end":{"line":5,"column":18}},"loc":{"start":{"line":5,"column":43},"end":{"line":26,"column":1}},"line":5},"1":{"name":"(anonymous_1)","decl":{"start":{"line":8,"column":4},"end":{"line":8,"column":5}},"loc":{"start":{"line":8,"column":29},"end":{"line":16,"column":5}},"line":8}},"branchMap":{},"s":{"0":1,"1":1,"2":1,"3":1,"4":1},"f":{"0":1,"1":1},"b":{},"inputSourceMap":null,"_coverageSchema":"1a1c01bbd47fc00a2c39e90264f33305004495a9","hash":"311fee1cabc7b9d9a30f0c7042bb707a21479288"}
,"/home/luan_arruda/card-control/src/database/models/index.cjs": {"path":"/home/luan_arruda/card-control/src/database/models/index.cjs","statementMap":{"0":{"start":{"line":3,"column":11},"end":{"line":3,"column":24}},"1":{"start":{"line":4,"column":13},"end":{"line":4,"column":28}},"2":{"start":{"line":5,"column":18},"end":{"line":5,"column":38}},"3":{"start":{"line":6,"column":16},"end":{"line":6,"column":34}},"4":{"start":{"line":7,"column":17},"end":{"line":7,"column":42}},"5":{"start":{"line":8,"column":12},"end":{"line":8,"column":49}},"6":{"start":{"line":9,"column":15},"end":{"line":9,"column":64}},"7":{"start":{"line":10,"column":11},"end":{"line":10,"column":13}},"8":{"start":{"line":13,"column":0},"end":{"line":17,"column":1}},"9":{"start":{"line":14,"column":2},"end":{"line":14,"column":74}},"10":{"start":{"line":16,"column":2},"end":{"line":16,"column":87}},"11":{"start":{"line":19,"column":0},"end":{"line":32,"column":5}},"12":{"start":{"line":22,"column":4},"end":{"line":27,"column":6}},"13":{"start":{"line":30,"column":18},"end":{"line":30,"column":85}},"14":{"start":{"line":31,"column":4},"end":{"line":31,"column":27}},"15":{"start":{"line":34,"column":0},"end":{"line":38,"column":3}},"16":{"start":{"line":35,"column":2},"end":{"line":37,"column":3}},"17":{"start":{"line":36,"column":4},"end":{"line":36,"column":32}},"18":{"start":{"line":40,"column":0},"end":{"line":40,"column":25}},"19":{"start":{"line":41,"column":0},"end":{"line":41,"column":25}},"20":{"start":{"line":43,"column":0},"end":{"line":43,"column":20}}},"fnMap":{"0":{"name":"(anonymous_0)","decl":{"start":{"line":21,"column":10},"end":{"line":21,"column":11}},"loc":{"start":{"line":21,"column":18},"end":{"line":28,"column":3}},"line":21},"1":{"name":"(anonymous_1)","decl":{"start":{"line":29,"column":11},"end":{"line":29,"column":12}},"loc":{"start":{"line":29,"column":19},"end":{"line":32,"column":3}},"line":29},"2":{"name":"(anonymous_2)","decl":{"start":{"line":34,"column":24},"end":{"line":34,"column":25}},"loc":{"start":{"line":34,"column":37},"end":{"line":38,"column":1}},"line":34}},"branchMap":{"0":{"loc":{"start":{"line":8,"column":12},"end":{"line":8,"column":49}},"type":"binary-expr","locations":[{"start":{"line":8,"column":12},"end":{"line":8,"column":32}},{"start":{"line":8,"column":36},"end":{"line":8,"column":49}}],"line":8},"1":{"loc":{"start":{"line":13,"column":0},"end":{"line":17,"column":1}},"type":"if","locations":[{"start":{"line":13,"column":0},"end":{"line":17,"column":1}},{"start":{"line":15,"column":7},"end":{"line":17,"column":1}}],"line":13},"2":{"loc":{"start":{"line":23,"column":6},"end":{"line":26,"column":37}},"type":"binary-expr","locations":[{"start":{"line":23,"column":6},"end":{"line":23,"column":29}},{"start":{"line":24,"column":6},"end":{"line":24,"column":23}},{"start":{"line":25,"column":7},"end":{"line":25,"column":31}},{"start":{"line":25,"column":35},"end":{"line":25,"column":60}},{"start":{"line":26,"column":6},"end":{"line":26,"column":37}}],"line":23},"3":{"loc":{"start":{"line":35,"column":2},"end":{"line":37,"column":3}},"type":"if","locations":[{"start":{"line":35,"column":2},"end":{"line":37,"column":3}},{"start":{},"end":{}}],"line":35}},"s":{"0":1,"1":1,"2":1,"3":1,"4":1,"5":1,"6":1,"7":1,"8":1,"9":0,"10":1,"11":1,"12":5,"13":4,"14":4,"15":1,"16":4,"17":4,"18":1,"19":1,"20":1},"f":{"0":5,"1":4,"2":4},"b":{"0":[1,0],"1":[0,1],"2":[5,5,4,4,4],"3":[4,0]},"inputSourceMap":null,"_coverageSchema":"1a1c01bbd47fc00a2c39e90264f33305004495a9","hash":"f7b4e65266b0713d5614fd924324950fe0741f4b"}
,"/home/luan_arruda/card-control/src/database/models/user.cjs": {"path":"/home/luan_arruda/card-control/src/database/models/user.cjs","statementMap":{"0":{"start":{"line":4,"column":4},"end":{"line":4,"column":24}},"1":{"start":{"line":5,"column":0},"end":{"line":30,"column":2}},"2":{"start":{"line":9,"column":6},"end":{"line":13,"column":8}},"3":{"start":{"line":17,"column":2},"end":{"line":28,"column":5}},"4":{"start":{"line":29,"column":2},"end":{"line":29,"column":14}}},"fnMap":{"0":{"name":"(anonymous_0)","decl":{"start":{"line":5,"column":17},"end":{"line":5,"column":18}},"loc":{"start":{"line":5,"column":43},"end":{"line":30,"column":1}},"line":5},"1":{"name":"(anonymous_1)","decl":{"start":{"line":7,"column":4},"end":{"line":7,"column":5}},"loc":{"start":{"line":7,"column":29},"end":{"line":15,"column":5}},"line":7}},"branchMap":{},"s":{"0":1,"1":1,"2":1,"3":1,"4":1},"f":{"0":1,"1":1},"b":{},"inputSourceMap":null,"_coverageSchema":"1a1c01bbd47fc00a2c39e90264f33305004495a9","hash":"ea987eedc5a31f4fe0918ede0ab63b933991e3d9"}
,"/home/luan_arruda/card-control/src/errors/BadRequestError.js": {"path":"/home/luan_arruda/card-control/src/errors/BadRequestError.js","statementMap":{"0":{"start":{"line":6,"column":8},"end":{"line":6,"column":28}}},"fnMap":{"0":{"name":"(anonymous_0)","decl":{"start":{"line":5,"column":4},"end":{"line":5,"column":5}},"loc":{"start":{"line":5,"column":25},"end":{"line":7,"column":5}},"line":5}},"branchMap":{},"s":{"0":3},"f":{"0":3},"b":{},"inputSourceMap":null,"_coverageSchema":"1a1c01bbd47fc00a2c39e90264f33305004495a9","hash":"5fa2335290c7a67a0a7e139f0130a2bc0d6cb6f1"}
,"/home/luan_arruda/card-control/src/errors/ErrorBase.js": {"path":"/home/luan_arruda/card-control/src/errors/ErrorBase.js","statementMap":{"0":{"start":{"line":4,"column":8},"end":{"line":4,"column":23}},"1":{"start":{"line":5,"column":8},"end":{"line":5,"column":31}},"2":{"start":{"line":6,"column":8},"end":{"line":6,"column":29}},"3":{"start":{"line":10,"column":8},"end":{"line":14,"column":11}}},"fnMap":{"0":{"name":"(anonymous_0)","decl":{"start":{"line":3,"column":4},"end":{"line":3,"column":5}},"loc":{"start":{"line":3,"column":68},"end":{"line":7,"column":5}},"line":3},"1":{"name":"(anonymous_1)","decl":{"start":{"line":9,"column":4},"end":{"line":9,"column":5}},"loc":{"start":{"line":9,"column":27},"end":{"line":15,"column":5}},"line":9}},"branchMap":{"0":{"loc":{"start":{"line":3,"column":16},"end":{"line":3,"column":52}},"type":"default-arg","locations":[{"start":{"line":3,"column":26},"end":{"line":3,"column":52}}],"line":3},"1":{"loc":{"start":{"line":3,"column":54},"end":{"line":3,"column":66}},"type":"default-arg","locations":[{"start":{"line":3,"column":63},"end":{"line":3,"column":66}}],"line":3}},"s":{"0":5,"1":5,"2":5,"3":0},"f":{"0":5,"1":0},"b":{"0":[0],"1":[0]},"inputSourceMap":null,"_coverageSchema":"1a1c01bbd47fc00a2c39e90264f33305004495a9","hash":"8471bad77a96d5c035e9155e03181939b4f01635"}
,"/home/luan_arruda/card-control/src/errors/UnauthorizedError.js": {"path":"/home/luan_arruda/card-control/src/errors/UnauthorizedError.js","statementMap":{"0":{"start":{"line":6,"column":8},"end":{"line":6,"column":28}}},"fnMap":{"0":{"name":"(anonymous_0)","decl":{"start":{"line":5,"column":4},"end":{"line":5,"column":5}},"loc":{"start":{"line":5,"column":25},"end":{"line":7,"column":5}},"line":5}},"branchMap":{},"s":{"0":2},"f":{"0":2},"b":{},"inputSourceMap":null,"_coverageSchema":"1a1c01bbd47fc00a2c39e90264f33305004495a9","hash":"a53eabadab57807e5a435677b05e4a5293e05b54"}
,"/home/luan_arruda/card-control/src/repository/UserRepository.js": {"path":"/home/luan_arruda/card-control/src/repository/UserRepository.js","statementMap":{"0":{"start":{"line":6,"column":8},"end":{"line":6,"column":42}},"1":{"start":{"line":10,"column":8},"end":{"line":10,"column":70}},"2":{"start":{"line":14,"column":8},"end":{"line":14,"column":42}},"3":{"start":{"line":18,"column":8},"end":{"line":18,"column":64}},"4":{"start":{"line":19,"column":8},"end":{"line":19,"column":36}},"5":{"start":{"line":23,"column":8},"end":{"line":23,"column":59}}},"fnMap":{"0":{"name":"(anonymous_0)","decl":{"start":{"line":5,"column":4},"end":{"line":5,"column":5}},"loc":{"start":{"line":5,"column":30},"end":{"line":7,"column":5}},"line":5},"1":{"name":"(anonymous_1)","decl":{"start":{"line":9,"column":4},"end":{"line":9,"column":5}},"loc":{"start":{"line":9,"column":39},"end":{"line":11,"column":5}},"line":9},"2":{"name":"(anonymous_2)","decl":{"start":{"line":13,"column":4},"end":{"line":13,"column":5}},"loc":{"start":{"line":13,"column":33},"end":{"line":15,"column":5}},"line":13},"3":{"name":"(anonymous_3)","decl":{"start":{"line":17,"column":4},"end":{"line":17,"column":5}},"loc":{"start":{"line":17,"column":34},"end":{"line":20,"column":5}},"line":17},"4":{"name":"(anonymous_4)","decl":{"start":{"line":22,"column":4},"end":{"line":22,"column":5}},"loc":{"start":{"line":22,"column":38},"end":{"line":24,"column":5}},"line":22}},"branchMap":{},"s":{"0":1,"1":5,"2":0,"3":0,"4":0,"5":1},"f":{"0":1,"1":5,"2":0,"3":0,"4":1},"b":{},"inputSourceMap":null,"_coverageSchema":"1a1c01bbd47fc00a2c39e90264f33305004495a9","hash":"7f331311da4df9ae845c689b4d715f489213d72b"}
,"/home/luan_arruda/card-control/src/services/AuthService.js": {"path":"/home/luan_arruda/card-control/src/services/AuthService.js","statementMap":{"0":{"start":{"line":12,"column":8},"end":{"line":14,"column":9}},"1":{"start":{"line":13,"column":12},"end":{"line":13,"column":81}},"2":{"start":{"line":16,"column":42},"end":{"line":16,"column":50}},"3":{"start":{"line":18,"column":29},"end":{"line":18,"column":71}},"4":{"start":{"line":19,"column":8},"end":{"line":19,"column":76}},"5":{"start":{"line":19,"column":26},"end":{"line":19,"column":76}},"6":{"start":{"line":21,"column":28},"end":{"line":21,"column":30}},"7":{"start":{"line":22,"column":31},"end":{"line":22,"column":71}},"8":{"start":{"line":24,"column":21},"end":{"line":24,"column":62}},"9":{"start":{"line":25,"column":21},"end":{"line":25,"column":54}},"10":{"start":{"line":27,"column":8},"end":{"line":32,"column":10}},"11":{"start":{"line":36,"column":8},"end":{"line":38,"column":9}},"12":{"start":{"line":37,"column":12},"end":{"line":37,"column":75}},"13":{"start":{"line":39,"column":36},"end":{"line":39,"column":44}},"14":{"start":{"line":41,"column":21},"end":{"line":41,"column":63}},"15":{"start":{"line":42,"column":8},"end":{"line":42,"column":72}},"16":{"start":{"line":42,"column":19},"end":{"line":42,"column":72}},"17":{"start":{"line":44,"column":24},"end":{"line":44,"column":69}},"18":{"start":{"line":45,"column":8},"end":{"line":45,"column":75}},"19":{"start":{"line":45,"column":22},"end":{"line":45,"column":75}},"20":{"start":{"line":47,"column":20},"end":{"line":51,"column":9}},"21":{"start":{"line":53,"column":8},"end":{"line":57,"column":10}}},"fnMap":{"0":{"name":"(anonymous_0)","decl":{"start":{"line":10,"column":4},"end":{"line":10,"column":5}},"loc":{"start":{"line":10,"column":36},"end":{"line":33,"column":5}},"line":10},"1":{"name":"(anonymous_1)","decl":{"start":{"line":35,"column":4},"end":{"line":35,"column":5}},"loc":{"start":{"line":35,"column":33},"end":{"line":58,"column":5}},"line":35}},"branchMap":{"0":{"loc":{"start":{"line":12,"column":8},"end":{"line":14,"column":9}},"type":"if","locations":[{"start":{"line":12,"column":8},"end":{"line":14,"column":9}},{"start":{},"end":{}}],"line":12},"1":{"loc":{"start":{"line":12,"column":12},"end":{"line":12,"column":67}},"type":"binary-expr","locations":[{"start":{"line":12,"column":12},"end":{"line":12,"column":26}},{"start":{"line":12,"column":30},"end":{"line":12,"column":45}},{"start":{"line":12,"column":49},"end":{"line":12,"column":67}}],"line":12},"2":{"loc":{"start":{"line":19,"column":8},"end":{"line":19,"column":76}},"type":"if","locations":[{"start":{"line":19,"column":8},"end":{"line":19,"column":76}},{"start":{},"end":{}}],"line":19},"3":{"loc":{"start":{"line":36,"column":8},"end":{"line":38,"column":9}},"type":"if","locations":[{"start":{"line":36,"column":8},"end":{"line":38,"column":9}},{"start":{},"end":{}}],"line":36},"4":{"loc":{"start":{"line":36,"column":12},"end":{"line":36,"column":49}},"type":"binary-expr","locations":[{"start":{"line":36,"column":12},"end":{"line":36,"column":27}},{"start":{"line":36,"column":31},"end":{"line":36,"column":49}}],"line":36},"5":{"loc":{"start":{"line":42,"column":8},"end":{"line":42,"column":72}},"type":"if","locations":[{"start":{"line":42,"column":8},"end":{"line":42,"column":72}},{"start":{},"end":{}}],"line":42},"6":{"loc":{"start":{"line":45,"column":8},"end":{"line":45,"column":75}},"type":"if","locations":[{"start":{"line":45,"column":8},"end":{"line":45,"column":75}},{"start":{},"end":{}}],"line":45}},"s":{"0":3,"1":1,"2":2,"3":2,"4":2,"5":1,"6":1,"7":1,"8":1,"9":1,"10":1,"11":4,"12":1,"13":3,"14":3,"15":3,"16":1,"17":2,"18":2,"19":1,"20":1,"21":1},"f":{"0":3,"1":4},"b":{"0":[1,2],"1":[3,3,2],"2":[1,1],"3":[1,3],"4":[4,4],"5":[1,2],"6":[1,1]},"inputSourceMap":null,"_coverageSchema":"1a1c01bbd47fc00a2c39e90264f33305004495a9","hash":"f1ea680bb526301a04031ee4a70b62c73f077215"}
}
